[------------- Sending Request to Server ------------

<configEstimateImpact
cookie="1569511306/2df516bb-aac6-4414-ae39-bd69e327e4d2">
    <inConfigs>
<pair key="org-root/org-PythonMaster">
    <orgOrg
    name="PythonMaster"
    dn="org-root/org-PythonMaster"
    
    status="created"
    
    sacl="addchild,del,mod">
    </orgOrg>
</pair>
    </inConfigs>
</configEstimateImpact>

<configConfMos
cookie="1569511306/2df516bb-aac6-4414-ae39-bd69e327e4d2"
inHierarchical="false">
    <inConfigs>
<pair key="org-root/org-PythonMaster">
    <orgOrg
    name="PythonMaster"
    dn="org-root/org-PythonMaster"
    
    status="created"
    
    sacl="addchild,del,mod">
    </orgOrg>
</pair>
    </inConfigs>
</configConfMos>
-----------------------------------------------------]